Unable to capture context for thread 14216 in process 15100, can not generate back trace
Unable to capture context for thread 17360 in process 15100, can not generate back trace
Unable to capture context for thread 14768 in process 15100, can not generate back trace
Exception at PC 0x00007FFF61A34FFC
Unable to capture context for thread 14768 in process 15100, can not generate back trace
Exception at PC 0x00007FFEB36EBB93
Printing stacktrace...

Exception at PC 0x00007FFF61A34FFC
Exception at PC 0x00007FFF61A34FFC
Exception at PC 0x00007FFF61A34FFC
Exception at PC 0x00007FFF61A34FFC
Exception at PC 0x00007FFF61A34FFC
Exception at PC 0x00007FFF61A34FFC
Exception at PC 0x00007FFF61A34FFC
Exception at PC 0x00007FFF61A34FFC
Exception at PC 0x00007FFF61A34FFC
Exception at PC 0x00007FFF61A34FFC
Exception at PC 0x00007FFF61A34FFC
Exception at PC 0x00007FFF61A34FFC
[0]  [0x00007FFEB36EBB93]
[1]  [0x00007FFEB36EBB93]
[2]  [0x00007FFEB36EB4A1]
[3]  [0x00007FFEB36EB3EF]
[4]  [0x00007FFEB36D19FE]
[5]  [0x00007FFEB36D0ED1]
[6]  [0x00007FFEB36D0D76]
[7]  [0x00007FFEB36779F6]
[8]  [0x00007FFEB3667AFB]
[9]  [0x00007FFEB378E90A]
[10]  [0x00007FFEB37A9F87]
[11]  [0x00007FFEB37AA05F]
[12] (BaseThreadInitThunk+0x1d) [0x00007FFF6392257D]
[13] (RtlUserThreadStart+0x28) [0x00007FFF6458AA78]
Done
Exception at PC 0x00007FFF61A34FFC
Exception at PC 0x00007FFF61A34FFC
Exception at PC 0x00007FFF61A34FFC
Exception at PC 0x00007FFF61A34FFC
Exception at PC 0x00007FFF61A34FFC
