# do {JK_FF_tb_compile.do}
# ** Error: (vlib-35) Failed to create directory "msim".
# 
# File exists. (errno = EEXIST)
# ** Error: (vlib-35) Failed to create directory "msim/xil_defaultlib".
# 
# File exists. (errno = EEXIST)
# Model Technology ModelSim PE vmap 10.4c Lib Mapping Utility 2015.07 Jul 20 2015
# vmap xil_defaultlib msim/xil_defaultlib 
# Modifying modelsim.ini
# ** Warning: (vlog-159) Mode option -64 is not supported in this context and will be ignored.
# 
# Model Technology ModelSim PE vlog 10.4c Compiler 2015.07 Jul 20 2015
# Start time: 20:31:16 on Nov 06,2023
# vlog -64 -incr -work xil_defaultlib ../../../project_3.srcs/sources_1/new/JK_FF.v ../../../project_3.srcs/sources_1/new/JK_FF_tb.v 
# -- Compiling module JK_FF
# -- Compiling module JK_FF_tb
# 
# Top level modules:
# 	JK_FF_tb
# End time: 20:31:16 on Nov 06,2023, Elapsed time: 0:00:00
# Errors: 0, Warnings: 1
# Model Technology ModelSim PE vlog 10.4c Compiler 2015.07 Jul 20 2015
# Start time: 20:31:16 on Nov 06,2023
# vlog -work xil_defaultlib glbl.v 
# -- Compiling module glbl
# 
# Top level modules:
# 	glbl
# End time: 20:31:16 on Nov 06,2023, Elapsed time: 0:00:00
# Errors: 0, Warnings: 0
