
*** Running vivado
    with args -log pcreg.vds -m64 -mode batch -messageDb vivado.pb -notrace -source pcreg.tcl


****** Vivado v2016.2 (64-bit)
  **** SW Build 1577090 on Thu Jun  2 16:32:40 MDT 2016
  **** IP Build 1577682 on Fri Jun  3 12:00:54 MDT 2016
    ** Copyright 1986-2016 Xilinx, Inc. All Rights Reserved.

source pcreg.tcl -notrace
Command: synth_design -top pcreg -part xc7a100tcsg324-1
Starting synth_design
Attempting to get a license for feature 'Synthesis' and/or device 'xc7a100t'
INFO: [Common 17-349] Got license for feature 'Synthesis' and/or device 'xc7a100t'
INFO: Launching helper process for spawning children vivado processes
INFO: Helper process launched with PID 5560 
---------------------------------------------------------------------------------
Starting Synthesize : Time (s): cpu = 00:00:02 ; elapsed = 00:00:04 . Memory (MB): peak = 305.676 ; gain = 98.195
---------------------------------------------------------------------------------
INFO: [Synth 8-638] synthesizing module 'pcreg' [E:/szlj/vivado_save/6.6_4/6.6_4.srcs/sources_1/new/pcreg.v:49]
INFO: [Synth 8-638] synthesizing module 'D_FF' [E:/szlj/vivado_save/6.6_4/6.6_4.srcs/sources_1/new/pcreg.v:22]
INFO: [Synth 8-256] done synthesizing module 'D_FF' (1#1) [E:/szlj/vivado_save/6.6_4/6.6_4.srcs/sources_1/new/pcreg.v:22]
WARNING: [Synth 8-350] instance 'dff0' of module 'D_FF' requires 6 connections, but only 5 given [E:/szlj/vivado_save/6.6_4/6.6_4.srcs/sources_1/new/pcreg.v:57]
WARNING: [Synth 8-350] instance 'dff1' of module 'D_FF' requires 6 connections, but only 5 given [E:/szlj/vivado_save/6.6_4/6.6_4.srcs/sources_1/new/pcreg.v:58]
WARNING: [Synth 8-350] instance 'dff2' of module 'D_FF' requires 6 connections, but only 5 given [E:/szlj/vivado_save/6.6_4/6.6_4.srcs/sources_1/new/pcreg.v:59]
WARNING: [Synth 8-350] instance 'dff3' of module 'D_FF' requires 6 connections, but only 5 given [E:/szlj/vivado_save/6.6_4/6.6_4.srcs/sources_1/new/pcreg.v:60]
WARNING: [Synth 8-350] instance 'dff4' of module 'D_FF' requires 6 connections, but only 5 given [E:/szlj/vivado_save/6.6_4/6.6_4.srcs/sources_1/new/pcreg.v:61]
WARNING: [Synth 8-350] instance 'dff5' of module 'D_FF' requires 6 connections, but only 5 given [E:/szlj/vivado_save/6.6_4/6.6_4.srcs/sources_1/new/pcreg.v:62]
WARNING: [Synth 8-350] instance 'dff6' of module 'D_FF' requires 6 connections, but only 5 given [E:/szlj/vivado_save/6.6_4/6.6_4.srcs/sources_1/new/pcreg.v:63]
WARNING: [Synth 8-350] instance 'dff7' of module 'D_FF' requires 6 connections, but only 5 given [E:/szlj/vivado_save/6.6_4/6.6_4.srcs/sources_1/new/pcreg.v:64]
WARNING: [Synth 8-350] instance 'dff8' of module 'D_FF' requires 6 connections, but only 5 given [E:/szlj/vivado_save/6.6_4/6.6_4.srcs/sources_1/new/pcreg.v:65]
WARNING: [Synth 8-350] instance 'dff9' of module 'D_FF' requires 6 connections, but only 5 given [E:/szlj/vivado_save/6.6_4/6.6_4.srcs/sources_1/new/pcreg.v:66]
WARNING: [Synth 8-350] instance 'dff10' of module 'D_FF' requires 6 connections, but only 5 given [E:/szlj/vivado_save/6.6_4/6.6_4.srcs/sources_1/new/pcreg.v:67]
WARNING: [Synth 8-350] instance 'dff11' of module 'D_FF' requires 6 connections, but only 5 given [E:/szlj/vivado_save/6.6_4/6.6_4.srcs/sources_1/new/pcreg.v:68]
WARNING: [Synth 8-350] instance 'dff12' of module 'D_FF' requires 6 connections, but only 5 given [E:/szlj/vivado_save/6.6_4/6.6_4.srcs/sources_1/new/pcreg.v:69]
WARNING: [Synth 8-350] instance 'dff13' of module 'D_FF' requires 6 connections, but only 5 given [E:/szlj/vivado_save/6.6_4/6.6_4.srcs/sources_1/new/pcreg.v:70]
WARNING: [Synth 8-350] instance 'dff14' of module 'D_FF' requires 6 connections, but only 5 given [E:/szlj/vivado_save/6.6_4/6.6_4.srcs/sources_1/new/pcreg.v:71]
WARNING: [Synth 8-350] instance 'dff15' of module 'D_FF' requires 6 connections, but only 5 given [E:/szlj/vivado_save/6.6_4/6.6_4.srcs/sources_1/new/pcreg.v:72]
WARNING: [Synth 8-350] instance 'dff16' of module 'D_FF' requires 6 connections, but only 5 given [E:/szlj/vivado_save/6.6_4/6.6_4.srcs/sources_1/new/pcreg.v:73]
WARNING: [Synth 8-350] instance 'dff17' of module 'D_FF' requires 6 connections, but only 5 given [E:/szlj/vivado_save/6.6_4/6.6_4.srcs/sources_1/new/pcreg.v:74]
WARNING: [Synth 8-350] instance 'dff18' of module 'D_FF' requires 6 connections, but only 5 given [E:/szlj/vivado_save/6.6_4/6.6_4.srcs/sources_1/new/pcreg.v:75]
WARNING: [Synth 8-350] instance 'dff19' of module 'D_FF' requires 6 connections, but only 5 given [E:/szlj/vivado_save/6.6_4/6.6_4.srcs/sources_1/new/pcreg.v:76]
WARNING: [Synth 8-350] instance 'dff20' of module 'D_FF' requires 6 connections, but only 5 given [E:/szlj/vivado_save/6.6_4/6.6_4.srcs/sources_1/new/pcreg.v:77]
WARNING: [Synth 8-350] instance 'dff21' of module 'D_FF' requires 6 connections, but only 5 given [E:/szlj/vivado_save/6.6_4/6.6_4.srcs/sources_1/new/pcreg.v:78]
WARNING: [Synth 8-350] instance 'dff22' of module 'D_FF' requires 6 connections, but only 5 given [E:/szlj/vivado_save/6.6_4/6.6_4.srcs/sources_1/new/pcreg.v:79]
WARNING: [Synth 8-350] instance 'dff23' of module 'D_FF' requires 6 connections, but only 5 given [E:/szlj/vivado_save/6.6_4/6.6_4.srcs/sources_1/new/pcreg.v:80]
WARNING: [Synth 8-350] instance 'dff24' of module 'D_FF' requires 6 connections, but only 5 given [E:/szlj/vivado_save/6.6_4/6.6_4.srcs/sources_1/new/pcreg.v:81]
WARNING: [Synth 8-350] instance 'dff25' of module 'D_FF' requires 6 connections, but only 5 given [E:/szlj/vivado_save/6.6_4/6.6_4.srcs/sources_1/new/pcreg.v:82]
WARNING: [Synth 8-350] instance 'dff26' of module 'D_FF' requires 6 connections, but only 5 given [E:/szlj/vivado_save/6.6_4/6.6_4.srcs/sources_1/new/pcreg.v:83]
WARNING: [Synth 8-350] instance 'dff27' of module 'D_FF' requires 6 connections, but only 5 given [E:/szlj/vivado_save/6.6_4/6.6_4.srcs/sources_1/new/pcreg.v:84]
WARNING: [Synth 8-350] instance 'dff28' of module 'D_FF' requires 6 connections, but only 5 given [E:/szlj/vivado_save/6.6_4/6.6_4.srcs/sources_1/new/pcreg.v:85]
WARNING: [Synth 8-350] instance 'dff29' of module 'D_FF' requires 6 connections, but only 5 given [E:/szlj/vivado_save/6.6_4/6.6_4.srcs/sources_1/new/pcreg.v:86]
WARNING: [Synth 8-350] instance 'dff30' of module 'D_FF' requires 6 connections, but only 5 given [E:/szlj/vivado_save/6.6_4/6.6_4.srcs/sources_1/new/pcreg.v:87]
WARNING: [Synth 8-350] instance 'dff31' of module 'D_FF' requires 6 connections, but only 5 given [E:/szlj/vivado_save/6.6_4/6.6_4.srcs/sources_1/new/pcreg.v:88]
INFO: [Synth 8-256] done synthesizing module 'pcreg' (2#1) [E:/szlj/vivado_save/6.6_4/6.6_4.srcs/sources_1/new/pcreg.v:49]
---------------------------------------------------------------------------------
Finished Synthesize : Time (s): cpu = 00:00:02 ; elapsed = 00:00:04 . Memory (MB): peak = 342.109 ; gain = 134.629
---------------------------------------------------------------------------------
---------------------------------------------------------------------------------
Finished Constraint Validation : Time (s): cpu = 00:00:02 ; elapsed = 00:00:04 . Memory (MB): peak = 342.109 ; gain = 134.629
---------------------------------------------------------------------------------
---------------------------------------------------------------------------------
Start Loading Part and Timing Information
---------------------------------------------------------------------------------
Loading part: xc7a100tcsg324-1
---------------------------------------------------------------------------------
Finished Loading Part and Timing Information : Time (s): cpu = 00:00:02 ; elapsed = 00:00:04 . Memory (MB): peak = 342.109 ; gain = 134.629
---------------------------------------------------------------------------------
INFO: [Device 21-403] Loading part xc7a100tcsg324-1
---------------------------------------------------------------------------------
Finished RTL Optimization Phase 2 : Time (s): cpu = 00:00:02 ; elapsed = 00:00:04 . Memory (MB): peak = 350.004 ; gain = 142.523
---------------------------------------------------------------------------------

Report RTL Partitions: 
+-+--------------+------------+----------+
| |RTL Partition |Replication |Instances |
+-+--------------+------------+----------+
+-+--------------+------------+----------+
No constraint files found.
---------------------------------------------------------------------------------
Start RTL Component Statistics 
---------------------------------------------------------------------------------
Detailed RTL Component Info : 
+---Registers : 
	                1 Bit    Registers := 64    
---------------------------------------------------------------------------------
Finished RTL Component Statistics 
---------------------------------------------------------------------------------
---------------------------------------------------------------------------------
Start RTL Hierarchical Component Statistics 
---------------------------------------------------------------------------------
Hierarchical RTL Component report 
Module D_FF 
Detailed RTL Component Info : 
+---Registers : 
	                1 Bit    Registers := 2     
---------------------------------------------------------------------------------
Finished RTL Hierarchical Component Statistics
---------------------------------------------------------------------------------
---------------------------------------------------------------------------------
Start Part Resource Summary
---------------------------------------------------------------------------------
Part Resources:
DSPs: 240 (col length:80)
BRAMs: 270 (col length: RAMB18 80 RAMB36 40)
---------------------------------------------------------------------------------
Finished Part Resource Summary
---------------------------------------------------------------------------------
Start Parallel Synthesis Optimization  : Time (s): cpu = 00:00:03 ; elapsed = 00:00:06 . Memory (MB): peak = 471.398 ; gain = 263.918
---------------------------------------------------------------------------------
Start Cross Boundary Optimization
---------------------------------------------------------------------------------
---------------------------------------------------------------------------------
Finished Cross Boundary Optimization : Time (s): cpu = 00:00:03 ; elapsed = 00:00:06 . Memory (MB): peak = 471.473 ; gain = 263.992
---------------------------------------------------------------------------------
Finished Parallel Reinference  : Time (s): cpu = 00:00:03 ; elapsed = 00:00:06 . Memory (MB): peak = 471.473 ; gain = 263.992

Report RTL Partitions: 
+-+--------------+------------+----------+
| |RTL Partition |Replication |Instances |
+-+--------------+------------+----------+
+-+--------------+------------+----------+
No constraint files found.
---------------------------------------------------------------------------------
Start Area Optimization
---------------------------------------------------------------------------------
---------------------------------------------------------------------------------
Finished Area Optimization : Time (s): cpu = 00:00:03 ; elapsed = 00:00:06 . Memory (MB): peak = 471.473 ; gain = 263.992
---------------------------------------------------------------------------------
Finished Parallel Area Optimization  : Time (s): cpu = 00:00:03 ; elapsed = 00:00:06 . Memory (MB): peak = 471.473 ; gain = 263.992

Report RTL Partitions: 
+-+--------------+------------+----------+
| |RTL Partition |Replication |Instances |
+-+--------------+------------+----------+
+-+--------------+------------+----------+
---------------------------------------------------------------------------------
Start Timing Optimization
---------------------------------------------------------------------------------
No constraint files found.
---------------------------------------------------------------------------------
Finished Timing Optimization : Time (s): cpu = 00:00:03 ; elapsed = 00:00:06 . Memory (MB): peak = 471.473 ; gain = 263.992
---------------------------------------------------------------------------------

Report RTL Partitions: 
+-+--------------+------------+----------+
| |RTL Partition |Replication |Instances |
+-+--------------+------------+----------+
+-+--------------+------------+----------+
---------------------------------------------------------------------------------
Start Technology Mapping
---------------------------------------------------------------------------------
---------------------------------------------------------------------------------
Finished Technology Mapping : Time (s): cpu = 00:00:03 ; elapsed = 00:00:06 . Memory (MB): peak = 472.609 ; gain = 265.129
---------------------------------------------------------------------------------
Finished Parallel Technology Mapping Optimization  : Time (s): cpu = 00:00:03 ; elapsed = 00:00:06 . Memory (MB): peak = 472.609 ; gain = 265.129

Report RTL Partitions: 
+-+--------------+------------+----------+
| |RTL Partition |Replication |Instances |
+-+--------------+------------+----------+
+-+--------------+------------+----------+
Finished Parallel Synthesis Optimization  : Time (s): cpu = 00:00:03 ; elapsed = 00:00:06 . Memory (MB): peak = 472.609 ; gain = 265.129
---------------------------------------------------------------------------------
Start IO Insertion
---------------------------------------------------------------------------------
---------------------------------------------------------------------------------
Start Flattening Before IO Insertion
---------------------------------------------------------------------------------
---------------------------------------------------------------------------------
Finished Flattening Before IO Insertion
---------------------------------------------------------------------------------
---------------------------------------------------------------------------------
Start Final Netlist Cleanup
---------------------------------------------------------------------------------
---------------------------------------------------------------------------------
Finished Final Netlist Cleanup
---------------------------------------------------------------------------------
---------------------------------------------------------------------------------
Finished IO Insertion : Time (s): cpu = 00:00:03 ; elapsed = 00:00:06 . Memory (MB): peak = 472.609 ; gain = 265.129
---------------------------------------------------------------------------------

Report Check Netlist: 
+------+------------------+-------+---------+-------+------------------+
|      |Item              |Errors |Warnings |Status |Description       |
+------+------------------+-------+---------+-------+------------------+
|1     |multi_driven_nets |      0|        0|Passed |Multi driven nets |
+------+------------------+-------+---------+-------+------------------+
---------------------------------------------------------------------------------
Start Renaming Generated Instances
---------------------------------------------------------------------------------
---------------------------------------------------------------------------------
Finished Renaming Generated Instances : Time (s): cpu = 00:00:03 ; elapsed = 00:00:06 . Memory (MB): peak = 472.609 ; gain = 265.129
---------------------------------------------------------------------------------

Report RTL Partitions: 
+-+--------------+------------+----------+
| |RTL Partition |Replication |Instances |
+-+--------------+------------+----------+
+-+--------------+------------+----------+
---------------------------------------------------------------------------------
Start Rebuilding User Hierarchy
---------------------------------------------------------------------------------
---------------------------------------------------------------------------------
Finished Rebuilding User Hierarchy : Time (s): cpu = 00:00:03 ; elapsed = 00:00:06 . Memory (MB): peak = 472.609 ; gain = 265.129
---------------------------------------------------------------------------------
---------------------------------------------------------------------------------
Start Renaming Generated Ports
---------------------------------------------------------------------------------
---------------------------------------------------------------------------------
Finished Renaming Generated Ports : Time (s): cpu = 00:00:03 ; elapsed = 00:00:06 . Memory (MB): peak = 472.609 ; gain = 265.129
---------------------------------------------------------------------------------
---------------------------------------------------------------------------------
Start Handling Custom Attributes
---------------------------------------------------------------------------------
---------------------------------------------------------------------------------
Finished Handling Custom Attributes : Time (s): cpu = 00:00:03 ; elapsed = 00:00:06 . Memory (MB): peak = 472.609 ; gain = 265.129
---------------------------------------------------------------------------------
---------------------------------------------------------------------------------
Start Renaming Generated Nets
---------------------------------------------------------------------------------
---------------------------------------------------------------------------------
Finished Renaming Generated Nets : Time (s): cpu = 00:00:03 ; elapsed = 00:00:06 . Memory (MB): peak = 472.609 ; gain = 265.129
---------------------------------------------------------------------------------
---------------------------------------------------------------------------------
Start Writing Synthesis Report
---------------------------------------------------------------------------------

Report BlackBoxes: 
+-+--------------+----------+
| |BlackBox name |Instances |
+-+--------------+----------+
+-+--------------+----------+

Report Cell Usage: 
+------+-----+------+
|      |Cell |Count |
+------+-----+------+
|1     |BUFG |     1|
|2     |FDCE |    32|
|3     |IBUF |    35|
|4     |OBUF |    32|
+------+-----+------+

Report Instance Areas: 
+------+---------+--------+------+
|      |Instance |Module  |Cells |
+------+---------+--------+------+
|1     |top      |        |   100|
|2     |  dff0   |D_FF    |     1|
|3     |  dff1   |D_FF_0  |     1|
|4     |  dff10  |D_FF_1  |     1|
|5     |  dff11  |D_FF_2  |     1|
|6     |  dff12  |D_FF_3  |     1|
|7     |  dff13  |D_FF_4  |     1|
|8     |  dff14  |D_FF_5  |     1|
|9     |  dff15  |D_FF_6  |     1|
|10    |  dff16  |D_FF_7  |     1|
|11    |  dff17  |D_FF_8  |     1|
|12    |  dff18  |D_FF_9  |     1|
|13    |  dff19  |D_FF_10 |     1|
|14    |  dff2   |D_FF_11 |     1|
|15    |  dff20  |D_FF_12 |     1|
|16    |  dff21  |D_FF_13 |     1|
|17    |  dff22  |D_FF_14 |     1|
|18    |  dff23  |D_FF_15 |     1|
|19    |  dff24  |D_FF_16 |     1|
|20    |  dff25  |D_FF_17 |     1|
|21    |  dff26  |D_FF_18 |     1|
|22    |  dff27  |D_FF_19 |     1|
|23    |  dff28  |D_FF_20 |     1|
|24    |  dff29  |D_FF_21 |     1|
|25    |  dff3   |D_FF_22 |     1|
|26    |  dff30  |D_FF_23 |     1|
|27    |  dff31  |D_FF_24 |     1|
|28    |  dff4   |D_FF_25 |     1|
|29    |  dff5   |D_FF_26 |     1|
|30    |  dff6   |D_FF_27 |     1|
|31    |  dff7   |D_FF_28 |     1|
|32    |  dff8   |D_FF_29 |     1|
|33    |  dff9   |D_FF_30 |     1|
+------+---------+--------+------+
---------------------------------------------------------------------------------
Finished Writing Synthesis Report : Time (s): cpu = 00:00:03 ; elapsed = 00:00:06 . Memory (MB): peak = 472.609 ; gain = 265.129
---------------------------------------------------------------------------------
Synthesis finished with 0 errors, 0 critical warnings and 32 warnings.
Synthesis Optimization Runtime : Time (s): cpu = 00:00:02 ; elapsed = 00:00:05 . Memory (MB): peak = 472.609 ; gain = 246.230
Synthesis Optimization Complete : Time (s): cpu = 00:00:03 ; elapsed = 00:00:06 . Memory (MB): peak = 472.609 ; gain = 265.129
INFO: [Project 1-571] Translating synthesized netlist
INFO: [Netlist 29-17] Analyzing 35 Unisim elements for replacement
INFO: [Netlist 29-28] Unisim Transformation completed in 0 CPU seconds
INFO: [Project 1-570] Preparing netlist for logic optimization
INFO: [Opt 31-138] Pushed 0 inverter(s) to 0 load pin(s).
INFO: [Project 1-111] Unisim Transformation Summary:
No Unisim elements were transformed.

INFO: [Common 17-83] Releasing license: Synthesis
13 Infos, 32 Warnings, 0 Critical Warnings and 0 Errors encountered.
synth_design completed successfully
synth_design: Time (s): cpu = 00:00:03 ; elapsed = 00:00:06 . Memory (MB): peak = 545.852 ; gain = 321.898
report_utilization: Time (s): cpu = 00:00:00 ; elapsed = 00:00:00.009 . Memory (MB): peak = 545.852 ; gain = 0.000
INFO: [Common 17-206] Exiting Vivado at Mon Nov 06 21:08:55 2023...
