Unable to capture context for thread 21456 in process 3712, can not generate back trace
Exception at PC 0x00007FF92FF54FFC
Unable to capture context for thread 21456 in process 3712, can not generate back trace
Exception at PC 0x00007FF8842EBB93
Printing stacktrace...

Exception at PC 0x00007FF92FF54FFC
Exception at PC 0x00007FF92FF54FFC
Exception at PC 0x00007FF92FF54FFC
Exception at PC 0x00007FF92FF54FFC
Exception at PC 0x00007FF92FF54FFC
Exception at PC 0x00007FF92FF54FFC
Exception at PC 0x00007FF92FF54FFC
Exception at PC 0x00007FF92FF54FFC
Exception at PC 0x00007FF92FF54FFC
Exception at PC 0x00007FF92FF54FFC
Exception at PC 0x00007FF92FF54FFC
Exception at PC 0x00007FF92FF54FFC
Exception at PC 0x00007FF92FF54FFC
[0]  [0x00007FF8842EBB93]
[1]  [0x00007FF8842EBB93]
[2]  [0x00007FF8842EB4A1]
[3]  [0x00007FF8842EB3EF]
[4]  [0x00007FF8842D19FE]
[5]  [0x00007FF8842D0ED1]
[6]  [0x00007FF8842D0D76]
[7]  [0x00007FF8842779F6]
[8]  [0x00007FF884267AFB]
[9]  [0x00007FF88438E90A]
[10]  [0x00007FF8843A9F87]
[11]  [0x00007FF8843AA05F]
[12] (BaseThreadInitThunk+0x1d) [0x00007FF930D3257D]
[13] (RtlUserThreadStart+0x28) [0x00007FF93284AA78]
Done
Exception at PC 0x00007FF92FF54FFC
Exception at PC 0x00007FF92FF54FFC
Exception at PC 0x00007FF92FF54FFC
Exception at PC 0x00007FF92FF54FFC
