INFO: [VRFC 10-2263] Analyzing SystemVerilog file "E:/szlj/Xilix1/Vivado/2016.2/data/ip/xpm/xpm_cdc/hdl/xpm_cdc.sv" into library xil_defaultlib
INFO: [VRFC 10-311] analyzing module xpm_cdc_single
INFO: [VRFC 10-311] analyzing module xpm_cdc_gray
INFO: [VRFC 10-311] analyzing module xpm_cdc_handshake
INFO: [VRFC 10-311] analyzing module xpm_cdc_pulse
INFO: [VRFC 10-311] analyzing module xpm_cdc_array_single
INFO: [VRFC 10-311] analyzing module xpm_cdc_sync_rst
INFO: [VRFC 10-311] analyzing module xpm_cdc_async_rst
INFO: [VRFC 10-2263] Analyzing SystemVerilog file "E:/szlj/Xilix1/Vivado/2016.2/data/ip/xpm/xpm_memory/hdl/xpm_memory_base.sv" into library xil_defaultlib
INFO: [VRFC 10-311] analyzing module xpm_memory_base
INFO: [VRFC 10-2263] Analyzing SystemVerilog file "E:/szlj/Xilix1/Vivado/2016.2/data/ip/xpm/xpm_memory/hdl/xpm_memory_dpdistram.sv" into library xil_defaultlib
INFO: [VRFC 10-311] analyzing module xpm_memory_dpdistram
INFO: [VRFC 10-2263] Analyzing SystemVerilog file "E:/szlj/Xilix1/Vivado/2016.2/data/ip/xpm/xpm_memory/hdl/xpm_memory_dprom.sv" into library xil_defaultlib
INFO: [VRFC 10-311] analyzing module xpm_memory_dprom
INFO: [VRFC 10-2263] Analyzing SystemVerilog file "E:/szlj/Xilix1/Vivado/2016.2/data/ip/xpm/xpm_memory/hdl/xpm_memory_sdpram.sv" into library xil_defaultlib
INFO: [VRFC 10-311] analyzing module xpm_memory_sdpram
INFO: [VRFC 10-2263] Analyzing SystemVerilog file "E:/szlj/Xilix1/Vivado/2016.2/data/ip/xpm/xpm_memory/hdl/xpm_memory_spram.sv" into library xil_defaultlib
INFO: [VRFC 10-311] analyzing module xpm_memory_spram
INFO: [VRFC 10-2263] Analyzing SystemVerilog file "E:/szlj/Xilix1/Vivado/2016.2/data/ip/xpm/xpm_memory/hdl/xpm_memory_sprom.sv" into library xil_defaultlib
INFO: [VRFC 10-311] analyzing module xpm_memory_sprom
INFO: [VRFC 10-2263] Analyzing SystemVerilog file "E:/szlj/Xilix1/Vivado/2016.2/data/ip/xpm/xpm_memory/hdl/xpm_memory_tdpram.sv" into library xil_defaultlib
INFO: [VRFC 10-311] analyzing module xpm_memory_tdpram
INFO: [VRFC 10-2263] Analyzing Verilog file "E:/szlj/vivado_save/bigwork/bigwork.ip_user_files/ipstatic/blk_mem_gen_v8_3_3/simulation/blk_mem_gen_v8_3.v" into library blk_mem_gen_v8_3_3
INFO: [VRFC 10-311] analyzing module STATE_LOGIC_v8_3
INFO: [VRFC 10-311] analyzing module beh_vlog_muxf7_v8_3
INFO: [VRFC 10-311] analyzing module beh_vlog_ff_clr_v8_3
INFO: [VRFC 10-311] analyzing module beh_vlog_ff_pre_v8_3
INFO: [VRFC 10-311] analyzing module beh_vlog_ff_ce_clr_v8_3
INFO: [VRFC 10-311] analyzing module write_netlist_v8_3
INFO: [VRFC 10-311] analyzing module read_netlist_v8_3
INFO: [VRFC 10-311] analyzing module blk_mem_axi_write_wrapper_beh_v8_3
INFO: [VRFC 10-311] analyzing module blk_mem_axi_read_wrapper_beh_v8_3
INFO: [VRFC 10-311] analyzing module blk_mem_axi_regs_fwd_v8_3
INFO: [VRFC 10-311] analyzing module blk_mem_gen_v8_3_3_output_stage
INFO: [VRFC 10-311] analyzing module blk_mem_gen_v8_3_3_softecc_output_reg_stage
INFO: [VRFC 10-311] analyzing module blk_mem_gen_v8_3_3_mem_module
INFO: [VRFC 10-311] analyzing module blk_mem_gen_v8_3_3
INFO: [VRFC 10-2263] Analyzing Verilog file "E:/szlj/vivado_save/bigwork/bigwork.srcs/sources_1/ip/blk_mem_gen_4/sim/blk_mem_gen_4.v" into library xil_defaultlib
INFO: [VRFC 10-311] analyzing module blk_mem_gen_4
INFO: [VRFC 10-2263] Analyzing Verilog file "E:/szlj/vivado_save/bigwork/bigwork.srcs/sources_1/ip/blk_mem_gen_3/sim/blk_mem_gen_3.v" into library xil_defaultlib
INFO: [VRFC 10-311] analyzing module blk_mem_gen_3
INFO: [VRFC 10-2263] Analyzing Verilog file "E:/szlj/vivado_save/bigwork/bigwork.srcs/sources_1/ip/blk_mem_gen_2/sim/blk_mem_gen_2.v" into library xil_defaultlib
INFO: [VRFC 10-311] analyzing module blk_mem_gen_2
INFO: [VRFC 10-2263] Analyzing Verilog file "E:/szlj/vivado_save/bigwork/bigwork.srcs/sources_1/ip/blk_mem_gen_1/sim/blk_mem_gen_1.v" into library xil_defaultlib
INFO: [VRFC 10-311] analyzing module blk_mem_gen_1
INFO: [VRFC 10-2263] Analyzing Verilog file "E:/szlj/vivado_save/bigwork/bigwork.srcs/sources_1/ip/blk_mem_gen_0/sim/blk_mem_gen_0.v" into library xil_defaultlib
INFO: [VRFC 10-311] analyzing module blk_mem_gen_0
INFO: [VRFC 10-2263] Analyzing Verilog file "E:/szlj/vivado_save/bigwork/bigwork.srcs/sources_1/new/MP3.v" into library xil_defaultlib
INFO: [VRFC 10-311] analyzing module MP3
INFO: [VRFC 10-2263] Analyzing Verilog file "E:/szlj/vivado_save/bigwork/bigwork.srcs/sources_1/new/MP3_tb.v" into library xil_defaultlib
INFO: [VRFC 10-311] analyzing module MP3_tb
INFO: [VRFC 10-2263] Analyzing Verilog file "E:/szlj/vivado_save/bigwork/bigwork.sim/sim_1/behav/glbl.v" into library xil_defaultlib
INFO: [VRFC 10-311] analyzing module glbl
INFO: [VRFC 10-163] Analyzing VHDL file "E:/szlj/Xilix1/Vivado/2016.2/data/ip/xpm/xpm_VCOMP.vhd" into library xpm
