# do {extend_tb_compile.do}
# Model Technology ModelSim PE vmap 10.4c Lib Mapping Utility 2015.07 Jul 20 2015
# vmap xil_defaultlib msim/xil_defaultlib 
# Modifying modelsim.ini
# ** Warning: (vlog-159) Mode option -64 is not supported in this context and will be ignored.
# 
# Model Technology ModelSim PE vlog 10.4c Compiler 2015.07 Jul 20 2015
# Start time: 23:16:47 on Sep 25,2023
# vlog -64 -incr -work xil_defaultlib ../../../6.1_5.srcs/sources_1/new/extend.v ../../../6.1_5.srcs/sources_1/new/extend_tb.v 
# -- Compiling module extend
# -- Compiling module extend_tb
# 
# Top level modules:
# 	extend_tb
# End time: 23:16:47 on Sep 25,2023, Elapsed time: 0:00:00
# Errors: 0, Warnings: 1
# Model Technology ModelSim PE vlog 10.4c Compiler 2015.07 Jul 20 2015
# Start time: 23:16:47 on Sep 25,2023
# vlog -work xil_defaultlib glbl.v 
# -- Compiling module glbl
# 
# Top level modules:
# 	glbl
# End time: 23:16:47 on Sep 25,2023, Elapsed time: 0:00:00
# Errors: 0, Warnings: 0
